{"level":"http","message":"2c7908b3-7693-48a1-af4c-917a13d57da6 POST /seff-academy/v1.0/auth/current-user 200 591 34.962 ms","timestamp":"2023-12-11 02:04:52.467 AM"}
{"level":"http","message":"0324f473-849a-417a-87a5-a8877ef670c2 POST /seff-academy/v1.0/auth/current-user 200 591 35.883 ms","timestamp":"2023-12-11 02:04:52.481 AM"}
{"level":"http","message":"a81ef824-dd87-4817-82cc-d84121cf5760 GET /seff-academy/v1.0/articles 200 4874 15.250 ms","timestamp":"2023-12-11 02:04:52.563 AM"}
{"level":"http","message":"bce07b6d-d015-4649-be10-d24b178fb8db GET /seff-academy/v1.0/articles 304 - 12.780 ms","timestamp":"2023-12-11 02:04:52.578 AM"}
{"level":"http","message":"62b6d6d6-b685-4e65-8cb5-1ebad419f8de GET /seff-academy/uploads/articles/1702132248398--a6fbb044-10a2-4c67-a4ab-b29c6c836a2f.jpg 404 43 5.119 ms","timestamp":"2023-12-11 02:04:52.750 AM"}
{"level":"http","message":"18e354b3-a907-43a2-890d-1b9c52923c21 GET /seff-academy/uploads/articles/1702132297321--3ac24863-e2df-4cab-948b-416d38d17cdf.jpg 404 43 4.350 ms","timestamp":"2023-12-11 02:04:52.752 AM"}
{"level":"http","message":"f3e15682-a6ea-4698-82f9-4b16491b5963 GET /seff-academy/uploads/articles/1702132099512--41813c18-2317-46d1-a4f9-811011e2a3c7.jpeg 404 43 2.542 ms","timestamp":"2023-12-11 02:04:52.758 AM"}
{"level":"http","message":"be018b0c-4cb7-43de-a0a9-e3b267f0ba5d GET /seff-academy/uploads/articles/1700078101305--cbb5c01a-74ff-4b9b-a22a-d56c15c7e468.png 404 43 5.223 ms","timestamp":"2023-12-11 02:04:52.765 AM"}
{"level":"http","message":"ddf058fd-7c4a-472f-8c59-99863a57eebe GET /seff-academy/uploads/articles/1700077409938--5b17fbb5-f4a1-40c6-ba59-4cc6f2d70947.png 404 43 5.334 ms","timestamp":"2023-12-11 02:04:52.767 AM"}
{"level":"http","message":"303e2a81-b023-4040-8ecd-5dfaa77ef44e GET /seff-academy/uploads/articles/1702130913977--d0ce85f3-bc55-405f-97b4-12b1a96f899e.jpg 404 43 6.449 ms","timestamp":"2023-12-11 02:04:52.769 AM"}
{"level":"http","message":"0d44c2f2-902d-4dd3-81b6-1a5aebc229e3 GET /seff-academy/uploads/articles/1700077347800--872a6275-f91f-4d2d-ba63-0c78ab5aeefd.png 404 43 4.169 ms","timestamp":"2023-12-11 02:04:52.776 AM"}
{"level":"http","message":"6caa56e1-cd13-4451-ba13-2dbc64aca409 GET /seff-academy/uploads/articles/1700078085005--732c045e-6c5b-4f00-9cda-e64e8d35aef9.png 404 43 4.401 ms","timestamp":"2023-12-11 02:04:52.778 AM"}
{"level":"http","message":"fb3ac045-935a-484e-8809-b65455ee17a3 GET /seff-academy/uploads/articles/1702132060531--ace96ba8-b244-4ad9-b39d-bb0e026e2c11.jpg 404 43 6.042 ms","timestamp":"2023-12-11 02:04:52.781 AM"}
{"level":"http","message":"2be26c1a-c7f1-4d62-a7d8-b6f9c9711c5d GET /seff-academy/v1.0/articles 304 - 7.952 ms","timestamp":"2023-12-11 02:07:01.226 AM"}
{"level":"http","message":"761c5740-9fe9-4149-a865-17f27dea8c67 POST /seff-academy/v1.0/auth/current-user 200 591 9.355 ms","timestamp":"2023-12-11 02:07:29.831 AM"}
{"level":"http","message":"2614f775-d0b3-4b1f-a63b-22468d91e24d GET /seff-academy/v1.0/users/get-all?page=1&fieldName=&fieldValue=&searchBy=userId&searchValue= 304 - 29.039 ms","timestamp":"2023-12-11 02:07:29.843 AM"}
{"level":"http","message":"e0796475-42c6-41d1-a522-101fd3870756 GET /seff-academy/v1.0/users/get-all?page=1&fieldName=&fieldValue=&searchBy=userId&searchValue= 304 - 15.578 ms","timestamp":"2023-12-11 02:07:29.867 AM"}
{"level":"http","message":"66b34978-93d2-486d-bd0c-009f8e331d93 POST /seff-academy/v1.0/auth/current-user 200 591 7.160 ms","timestamp":"2023-12-11 02:07:33.751 AM"}
{"level":"http","message":"1ddf6fc4-3274-4ad6-981f-9e4722c2aed2 GET /seff-academy/v1.0/articles 304 - 16.147 ms","timestamp":"2023-12-11 02:07:33.754 AM"}
{"level":"http","message":"ac9188dd-803e-465b-ac1d-6a95c62711dc GET /seff-academy/v1.0/articles 304 - 9.901 ms","timestamp":"2023-12-11 02:07:33.766 AM"}
{"level":"http","message":"59c34c71-d70c-4db5-86e3-4e7f36461eb2 POST /seff-academy/v1.0/auth/current-user 200 591 7.064 ms","timestamp":"2023-12-11 02:07:35.931 AM"}
{"level":"http","message":"e34eef6f-04d5-4a90-9fb9-b78a96ef7c24 GET /seff-academy/v1.0/jobs/get-all-jobs 200 9253 26.922 ms","timestamp":"2023-12-11 02:07:35.945 AM"}
{"level":"http","message":"0ee90a64-2b70-467c-a817-ae373a7b701d GET /seff-academy/v1.0/jobs/get-all-jobs 304 - 12.311 ms","timestamp":"2023-12-11 02:07:35.959 AM"}
{"level":"http","message":"42cc2891-2c61-46cb-bf61-cb18e9af3d4b POST /seff-academy/v1.0/auth/current-user 200 591 7.997 ms","timestamp":"2023-12-11 02:07:37.232 AM"}
{"level":"http","message":"ad79591f-2f48-4bed-94cf-a21f44af9efd GET /seff-academy/v1.0/jobs/get-all-jobs 304 - 24.229 ms","timestamp":"2023-12-11 02:07:37.244 AM"}
{"level":"http","message":"4e5c7ecb-0b01-4be1-9f85-0a9487bb8246 GET /seff-academy/v1.0/jobs/get-all-jobs 304 - 11.303 ms","timestamp":"2023-12-11 02:07:37.257 AM"}
{"level":"http","message":"ddafddb4-2b86-4901-b700-5826b6c35c44 POST /seff-academy/v1.0/auth/current-user 200 591 6.332 ms","timestamp":"2023-12-11 02:07:37.819 AM"}
{"level":"http","message":"8c18e271-ba9e-47a8-8615-473e6f34a87a GET /seff-academy/v1.0/jobs/get-all-jobs 304 - 19.705 ms","timestamp":"2023-12-11 02:07:37.828 AM"}
{"level":"http","message":"7a41cb38-483a-4593-b52f-6e801fd6c8dc GET /seff-academy/v1.0/jobs/get-all-jobs 304 - 15.329 ms","timestamp":"2023-12-11 02:07:37.844 AM"}
{"level":"http","message":"41f90bd9-add0-48ec-8143-407ae07c09c5 POST /seff-academy/v1.0/auth/current-user 200 591 6.879 ms","timestamp":"2023-12-11 02:07:39.509 AM"}
{"level":"http","message":"14c0fec7-146a-4959-aa97-dd1dc520e2cb GET /seff-academy/v1.0/articles 304 - 14.709 ms","timestamp":"2023-12-11 02:07:39.513 AM"}
{"level":"http","message":"7777e0d1-1e4d-4e0e-9bf4-9579b2dcc311 GET /seff-academy/v1.0/articles 304 - 8.550 ms","timestamp":"2023-12-11 02:07:39.523 AM"}
{"level":"http","message":"2a054006-5961-41b3-8501-3f0cf645b521 GET /seff-academy/v1.0/articles 304 - 7.778 ms","timestamp":"2023-12-11 02:07:39.533 AM"}
{"level":"http","message":"2dfd173d-02ac-45af-90d2-4404d3ff76e7 GET /seff-academy/v1.0/articles 304 - 6.538 ms","timestamp":"2023-12-11 02:07:39.540 AM"}
{"level":"http","message":"f8e6f5e1-2d65-4c25-84aa-87b1f54d921d POST /seff-academy/v1.0/auth/current-user 200 591 6.201 ms","timestamp":"2023-12-11 02:07:40.056 AM"}
{"level":"http","message":"2c5f40e4-e9cb-42af-9f38-1fa59b96a5d8 GET /seff-academy/v1.0/articles 304 - 14.666 ms","timestamp":"2023-12-11 02:07:40.059 AM"}
{"level":"http","message":"1e836f12-b1ea-4049-8bcd-dc9012eb17f7 GET /seff-academy/v1.0/articles 304 - 6.916 ms","timestamp":"2023-12-11 02:07:40.068 AM"}
{"level":"http","message":"8fb275be-20a9-4f1d-920d-b1337626b79d GET /seff-academy/v1.0/articles 304 - 8.693 ms","timestamp":"2023-12-11 02:07:40.078 AM"}
{"level":"http","message":"e493aa93-1681-475a-84b0-dfa6ffe14a91 GET /seff-academy/v1.0/articles 304 - 6.569 ms","timestamp":"2023-12-11 02:07:40.085 AM"}
{"level":"http","message":"5f0bc2ef-8c72-4ee2-979e-12c3dcc65a5f GET /seff-academy/v1.0/courses/undefined?page=undefined&limit=10 404 43 0.966 ms","timestamp":"2023-12-11 02:07:41.486 AM"}
{"level":"http","message":"c3e099e2-3a28-4132-a712-c38e3401a176 GET /seff-academy/v1.0/courses/undefined?page=undefined&limit=10 404 43 0.853 ms","timestamp":"2023-12-11 02:07:41.498 AM"}
{"level":"http","message":"1bede4c2-8ec4-4d9d-9dcd-d7bf6d4753bc POST /seff-academy/v1.0/auth/current-user 200 591 18.167 ms","timestamp":"2023-12-11 02:07:41.506 AM"}
{"level":"http","message":"fc86a4a8-e070-44d7-a09a-8e39b122101b GET /seff-academy/v1.0/courses/admin?page=1&limit=10 304 - 52.062 ms","timestamp":"2023-12-11 02:07:41.545 AM"}
{"level":"http","message":"b6769587-9b83-4b22-bc80-7ed3df576f8d GET /seff-academy/v1.0/courses/admin?page=1&limit=10&filter[isPublished]=true 200 13635 50.372 ms","timestamp":"2023-12-11 02:07:41.550 AM"}
{"level":"http","message":"323a7948-4c88-4be9-b80e-2ac48230275f POST /seff-academy/v1.0/auth/current-user 200 591 5.454 ms","timestamp":"2023-12-11 02:07:42.285 AM"}
{"level":"http","message":"9b4ac3b4-1ad6-4052-bfd1-edea2252fe26 GET /seff-academy/v1.0/courses/admin?page=1&limit=10&filter[isPublished]=true&filter[status]=up+coming 200 12579 17.245 ms","timestamp":"2023-12-11 02:07:42.317 AM"}
{"level":"http","message":"82fef6d5-a0c5-4f3b-ad4a-8369d920e5d1 POST /seff-academy/v1.0/auth/current-user 200 591 5.461 ms","timestamp":"2023-12-11 02:07:43.990 AM"}
{"level":"http","message":"2fb90378-a7f3-4f47-981f-5604139943d7 GET /seff-academy/v1.0/courses/admin?page=1&limit=10&filter[isPublished]=false 304 - 10.834 ms","timestamp":"2023-12-11 02:07:44.011 AM"}
{"level":"http","message":"74955855-2b9f-4af2-9194-af1201be06a2 POST /seff-academy/v1.0/auth/current-user 200 591 4.795 ms","timestamp":"2023-12-11 02:07:44.953 AM"}
{"level":"http","message":"22771850-4b15-407f-8326-5954b94a94f9 GET /seff-academy/v1.0/courses/admin?page=1&limit=10&filter[isPublished]=true&filter[status][0]=ended&filter[status][1]=on+going 200 5747 17.304 ms","timestamp":"2023-12-11 02:07:44.978 AM"}
{"level":"http","message":"bc44d3a6-7ff0-4ade-8bf0-c59157f13af3 POST /seff-academy/v1.0/auth/current-user 200 591 4.322 ms","timestamp":"2023-12-11 02:07:46.403 AM"}
{"level":"http","message":"1f6a4d0a-56e4-43c4-b26f-0871f0bebfce GET /seff-academy/v1.0/courses/admin?page=1&limit=10&filter[isPublished]=true 304 - 20.631 ms","timestamp":"2023-12-11 02:07:46.428 AM"}
{"level":"http","message":"8bbd9397-9cd6-438f-9371-0835ff5fc2ba POST /seff-academy/v1.0/auth/current-user 200 591 4.693 ms","timestamp":"2023-12-11 02:07:48.130 AM"}
{"level":"http","message":"c3edd4ab-608d-4252-9980-cafd4c9db6e1 GET /seff-academy/v1.0/courses/admin?page=1&limit=10&filter[isPublished]=true&filter[status][0]=ended&filter[status][1]=on+going 200 5747 17.357 ms","timestamp":"2023-12-11 02:07:48.159 AM"}
{"level":"http","message":"4d9aa37a-6d98-4732-a68d-033c553c9c3e POST /seff-academy/v1.0/auth/current-user 200 591 7.573 ms","timestamp":"2023-12-11 02:07:49.503 AM"}
{"level":"http","message":"715fb732-6cd1-4630-8556-cbc2e5125c3a GET /seff-academy/v1.0/courses/admin?page=1&limit=10&filter[isPublished]=true 304 - 19.412 ms","timestamp":"2023-12-11 02:07:49.525 AM"}
{"level":"http","message":"d3b64476-f4f0-420b-809a-57c55aecca82 POST /seff-academy/v1.0/auth/current-user 200 591 5.808 ms","timestamp":"2023-12-11 02:07:50.333 AM"}
{"level":"http","message":"68ae252b-581a-429f-8f86-65acfbd538f5 GET /seff-academy/v1.0/jobs/get-all-jobs 304 - 19.014 ms","timestamp":"2023-12-11 02:07:50.342 AM"}
{"level":"http","message":"3ac93d0e-47b9-4dd9-93a1-734f6f9f1fd9 GET /seff-academy/v1.0/jobs/get-all-jobs 304 - 14.096 ms","timestamp":"2023-12-11 02:07:50.357 AM"}
{"level":"http","message":"68e1a5ab-4e35-483a-b684-4185aea75809 GET /seff-academy/v1.0/courses/undefined?page=undefined&limit=10 404 43 0.329 ms","timestamp":"2023-12-11 02:07:51.035 AM"}
{"level":"http","message":"17ded216-631e-4e8a-8ed1-4b487ecee424 GET /seff-academy/v1.0/courses/undefined?page=undefined&limit=10 404 43 0.385 ms","timestamp":"2023-12-11 02:07:51.046 AM"}
{"level":"http","message":"02da5531-b034-4e79-aad0-fc1d84c32904 POST /seff-academy/v1.0/auth/current-user 200 591 15.716 ms","timestamp":"2023-12-11 02:07:51.053 AM"}
{"level":"http","message":"ac02fa94-31c1-4748-8f40-e54745d96c47 GET /seff-academy/v1.0/courses/admin?page=1&limit=10&filter[isPublished]=true&filter[status][0]=ended&filter[status][1]=on+going 200 5747 28.311 ms","timestamp":"2023-12-11 02:07:51.069 AM"}
{"level":"http","message":"7c127abb-426d-48cf-8070-b83f9782182c GET /seff-academy/v1.0/courses/admin?page=1&limit=10 304 - 25.718 ms","timestamp":"2023-12-11 02:07:51.074 AM"}
{"level":"http","message":"0af7f621-7b4b-4419-9389-ee2bc188e4e1 POST /seff-academy/v1.0/auth/current-user 200 591 6.569 ms","timestamp":"2023-12-11 02:08:06.106 AM"}
{"level":"http","message":"cfe945eb-e7b9-4b80-88a1-ccef6c724f24 GET /seff-academy/v1.0/jobs/get-all-jobs 304 - 19.181 ms","timestamp":"2023-12-11 02:08:06.114 AM"}
{"level":"http","message":"c49995aa-5583-47dc-81ba-fa379c1627b6 GET /seff-academy/v1.0/jobs/get-all-jobs 304 - 9.757 ms","timestamp":"2023-12-11 02:08:06.125 AM"}
{"level":"http","message":"ff585346-aec1-45fa-9bb1-9e6ddd1840be GET /seff-academy/v1.0/courses/undefined?page=undefined&limit=10 404 43 0.292 ms","timestamp":"2023-12-11 02:08:07.106 AM"}
{"level":"http","message":"5d516a4b-1b2a-4d7a-9c21-28507659ad95 GET /seff-academy/v1.0/courses/undefined?page=undefined&limit=10 404 43 0.364 ms","timestamp":"2023-12-11 02:08:07.112 AM"}
{"level":"http","message":"6b25c008-9b9f-4058-af11-1b2971365140 POST /seff-academy/v1.0/auth/current-user 200 591 7.296 ms","timestamp":"2023-12-11 02:08:07.114 AM"}
{"level":"http","message":"48e68fb4-4a78-467f-b5d8-0f2cb41cd7a3 GET /seff-academy/v1.0/courses/admin?page=1&limit=10 304 - 24.883 ms","timestamp":"2023-12-11 02:08:07.141 AM"}
{"level":"http","message":"59fb194a-dbaf-440d-8479-a7fa017a1c40 GET /seff-academy/v1.0/courses/admin?page=1&limit=10&filter[isPublished]=true&filter[status][0]=ended&filter[status][1]=on+going 200 5747 22.709 ms","timestamp":"2023-12-11 02:08:07.144 AM"}
{"level":"http","message":"d5a91c21-4121-424d-86e1-2b17a278d5bb GET /seff-academy/v1.0/courses/admin?page=1&limit=10&filter[isPublished]=true&filter[status][0]=ended&filter[status][1]=on+going 200 5747 19.851 ms","timestamp":"2023-12-11 02:11:44.253 AM"}
{"level":"http","message":"29a229ea-f4f1-4104-a67c-38ac87367894 GET /seff-academy/v1.0/courses/admin?page=1&limit=10&filter[isPublished]=true&filter[status][0]=ended&filter[status][1]=on+going 200 5747 21.813 ms","timestamp":"2023-12-11 02:11:44.278 AM"}
{"level":"http","message":"b07eb500-7a6b-4fd2-8d7e-7b031a450e94 GET /seff-academy/v1.0/courses/admin?page=1&limit=10&filter[isPublished]=true&filter[status][0]=ended&filter[status][1]=on+going 200 5747 19.350 ms","timestamp":"2023-12-11 02:11:44.302 AM"}
{"level":"http","message":"d94ca030-f255-43d8-99a3-6bb0b945ff88 GET /seff-academy/v1.0/courses/admin?page=1&limit=10&filter[isPublished]=true&filter[status][0]=ended&filter[status][1]=on+going 200 5747 22.745 ms","timestamp":"2023-12-11 02:11:59.249 AM"}
{"level":"http","message":"4a246626-24f1-4640-8c4d-c41ad4183f06 GET /seff-academy/v1.0/courses/admin?page=1&limit=10&filter[isPublished]=true&filter[status][0]=ended&filter[status][1]=on+going 200 5747 14.191 ms","timestamp":"2023-12-11 02:11:59.266 AM"}
{"level":"http","message":"4ab6e645-8ff5-4d63-9667-6135b08e2f4b GET /seff-academy/v1.0/courses/admin?page=1&limit=10&filter[isPublished]=true&filter[status][0]=ended&filter[status][1]=on+going 200 5747 13.355 ms","timestamp":"2023-12-11 02:11:59.280 AM"}
{"level":"http","message":"5f6842c3-76ec-4c0a-8e1b-63b169d06fff POST /seff-academy/v1.0/auth/current-user 200 591 5.025 ms","timestamp":"2023-12-11 02:12:44.712 AM"}
{"level":"http","message":"8ca54f75-3ea4-460a-8e06-5f074133fe48 POST /seff-academy/v1.0/auth/current-user 200 591 4.233 ms","timestamp":"2023-12-11 02:12:44.718 AM"}
{"level":"http","message":"365ce270-2e14-49f8-a7ea-de40300316d6 GET /seff-academy/v1.0/courses/?page=undefined&limit=10 404 43 0.378 ms","timestamp":"2023-12-11 02:12:45.183 AM"}
{"level":"http","message":"3aace805-a705-4ea3-82ff-77ebbbe20044 GET /seff-academy/v1.0/courses/?page=undefined&limit=10 404 43 0.417 ms","timestamp":"2023-12-11 02:12:45.187 AM"}
{"level":"http","message":"4a531cdc-9192-4f3a-ae08-ebcb241afe58 GET /seff-academy/v1.0/courses/admin?page=1&limit=10 304 - 21.801 ms","timestamp":"2023-12-11 02:12:45.238 AM"}
{"level":"http","message":"d906d390-02f8-4778-8172-7c8180eb9b8f GET /seff-academy/v1.0/courses/admin?page=1&limit=10&filter[isPublished]=true&filter[status][0]=ended&filter[status][1]=on+going 200 5747 14.522 ms","timestamp":"2023-12-11 02:12:45.261 AM"}
{"level":"http","message":"d058f9b7-a2c3-4d5f-91f6-84af279d0941 POST /seff-academy/v1.0/auth/current-user 200 591 5.967 ms","timestamp":"2023-12-11 02:12:49.316 AM"}
{"level":"http","message":"d97a0000-9fe5-42f8-af18-23f9c8565924 POST /seff-academy/v1.0/auth/current-user 200 591 4.326 ms","timestamp":"2023-12-11 02:12:49.318 AM"}
{"level":"http","message":"703e15b3-d10b-4cf3-9637-0b6ac2df87c7 GET /seff-academy/v1.0/courses/admin?page=undefined&limit=10 200 13635 19.048 ms","timestamp":"2023-12-11 02:12:49.600 AM"}
{"level":"http","message":"83bc2183-d04b-4688-8602-14bbda79bbf6 GET /seff-academy/v1.0/courses/admin?page=undefined&limit=10 304 - 19.983 ms","timestamp":"2023-12-11 02:12:49.622 AM"}
{"level":"http","message":"a693f0d1-07ce-4b74-9f3d-517bd24b8fc8 GET /seff-academy/v1.0/courses/admin?page=1&limit=10 304 - 19.660 ms","timestamp":"2023-12-11 02:12:49.666 AM"}
{"level":"http","message":"a8cb6a58-de26-408f-b451-f7fbc4657a8a GET /seff-academy/v1.0/courses/admin?page=1&limit=10&filter[isPublished]=true&filter[status][0]=ended&filter[status][1]=on+going 200 5747 15.371 ms","timestamp":"2023-12-11 02:12:49.778 AM"}
{"level":"http","message":"4f8be797-8acb-4f5a-94aa-252df9f873a3 POST /seff-academy/v1.0/auth/current-user 200 591 8.882 ms","timestamp":"2023-12-11 02:13:07.656 AM"}
{"level":"http","message":"b3d4e159-e11b-4a06-a77d-53b80137d9ca POST /seff-academy/v1.0/auth/current-user 200 591 8.027 ms","timestamp":"2023-12-11 02:13:07.659 AM"}
{"level":"http","message":"3f87e32c-96f9-4e72-b006-4d06d74ca990 GET /seff-academy/v1.0/courses/admin?page=undefined&limit=10 304 - 23.624 ms","timestamp":"2023-12-11 02:13:08.141 AM"}
{"level":"http","message":"8ede98df-5a5a-4e27-97d4-a4d91d7faaea GET /seff-academy/v1.0/courses/admin?page=undefined&limit=10 304 - 26.659 ms","timestamp":"2023-12-11 02:13:08.169 AM"}
{"level":"http","message":"0d9714b2-57f3-4d75-8817-7bc91a184507 GET /seff-academy/v1.0/courses/admin?page=1&limit=10 304 - 19.474 ms","timestamp":"2023-12-11 02:13:08.200 AM"}
{"level":"http","message":"488a0053-0fd6-4351-a3f0-8387acf0b511 GET /seff-academy/v1.0/courses/admin?page=1&limit=10&filter[isPublished]=true&filter[status][0]=ended&filter[status][1]=on+going 200 5747 16.073 ms","timestamp":"2023-12-11 02:13:08.361 AM"}
{"level":"http","message":"7bdbd761-fe93-4c70-8544-ef473b666819 POST /seff-academy/v1.0/auth/current-user 200 591 10.341 ms","timestamp":"2023-12-11 02:13:10.417 AM"}
{"level":"http","message":"6ea4c882-f5a2-4080-b1b6-4a1834bcd308 GET /seff-academy/v1.0/users/get-all?page=1&fieldName=role&fieldValue=Admin&searchBy=userId&searchValue= 304 - 16.865 ms","timestamp":"2023-12-11 02:13:10.418 AM"}
{"level":"http","message":"c65a2b3f-358a-48ce-bc2d-c3e5464cc22f GET /seff-academy/v1.0/users/get-all?page=1&fieldName=role&fieldValue=Admin&searchBy=userId&searchValue= 304 - 10.516 ms","timestamp":"2023-12-11 02:13:10.453 AM"}
{"level":"http","message":"360a7d8e-e3e8-4d04-a4b2-1ed532d414c3 POST /seff-academy/v1.0/auth/current-user 200 591 7.528 ms","timestamp":"2023-12-11 02:13:12.185 AM"}
{"level":"http","message":"7dd3a426-4bc7-485c-85de-f1f54d0ec0fc GET /seff-academy/v1.0/courses/admin?page=undefined&limit=10 304 - 37.063 ms","timestamp":"2023-12-11 02:13:12.211 AM"}
{"level":"http","message":"af0f13f4-befe-4f5d-a83b-2978ea0ee21a GET /seff-academy/v1.0/courses/admin?page=1&limit=10 304 - 47.645 ms","timestamp":"2023-12-11 02:13:12.234 AM"}
{"level":"http","message":"fc939609-e2f2-4838-ab74-f04ffdc8a8c5 GET /seff-academy/v1.0/courses/admin?page=1&limit=10&filter[isPublished]=true&filter[status][0]=ended&filter[status][1]=on+going 200 5747 48.001 ms","timestamp":"2023-12-11 02:13:12.238 AM"}
{"level":"http","message":"c868b5fd-dc72-4fa1-9383-530f38d8d189 GET /seff-academy/v1.0/courses/admin?page=undefined&limit=10 304 - 26.067 ms","timestamp":"2023-12-11 02:13:12.254 AM"}
{"level":"http","message":"733d2379-1a2d-45b9-98a4-e38581a2eb93 POST /seff-academy/v1.0/auth/current-user 200 591 5.906 ms","timestamp":"2023-12-11 02:13:14.152 AM"}
{"level":"http","message":"73f29090-e080-478c-97b7-9dff1f74f070 GET /seff-academy/v1.0/jobs/get-all-jobs 304 - 18.096 ms","timestamp":"2023-12-11 02:13:14.159 AM"}
{"level":"http","message":"fa2470f4-c585-4d8b-b683-563937e09eba GET /seff-academy/v1.0/jobs/get-all-jobs 304 - 10.750 ms","timestamp":"2023-12-11 02:13:14.171 AM"}
{"level":"http","message":"7d9e98c0-e6b7-4390-984b-01887a58ca85 POST /seff-academy/v1.0/auth/current-user 200 591 6.949 ms","timestamp":"2023-12-11 02:13:17.056 AM"}
{"level":"http","message":"09852350-5440-42bf-a0c0-84918d2a7893 POST /seff-academy/v1.0/auth/current-user 200 591 6.056 ms","timestamp":"2023-12-11 02:13:17.058 AM"}
{"level":"http","message":"c183ec30-d646-45ce-8c8c-4d66270904a1 GET /seff-academy/v1.0/jobs/get-all-jobs 304 - 15.012 ms","timestamp":"2023-12-11 02:13:17.368 AM"}
{"level":"http","message":"867ed4b3-9949-4818-8d95-008bfac2bc60 GET /seff-academy/v1.0/jobs/get-all-jobs 304 - 10.815 ms","timestamp":"2023-12-11 02:13:17.381 AM"}
{"level":"http","message":"bf9ddaac-7752-4347-b8c9-e7c4edd0e400 POST /seff-academy/v1.0/auth/current-user 200 591 5.843 ms","timestamp":"2023-12-11 02:13:21.133 AM"}
{"level":"http","message":"25fbc084-932e-49b8-ac9a-b79c43a09b3e GET /seff-academy/v1.0/courses/admin?page=undefined&limit=10 304 - 32.093 ms","timestamp":"2023-12-11 02:13:21.155 AM"}
{"level":"http","message":"b302b14c-58af-4d52-859d-50f6a5593d02 GET /seff-academy/v1.0/courses/admin?page=1&limit=10 304 - 29.626 ms","timestamp":"2023-12-11 02:13:21.175 AM"}
{"level":"http","message":"e3bf4ac2-4024-4aba-8146-4e3a0fcc801f GET /seff-academy/v1.0/courses/admin?page=1&limit=10&filter[isPublished]=true&filter[status][0]=ended&filter[status][1]=on+going 200 5747 28.579 ms","timestamp":"2023-12-11 02:13:21.179 AM"}
{"level":"http","message":"c42b4a29-a786-4a6b-af47-261732493518 GET /seff-academy/v1.0/courses/admin?page=undefined&limit=10 304 - 30.155 ms","timestamp":"2023-12-11 02:13:21.189 AM"}
